<?xml version="1.0" encoding="UTF-8"?>
<!-- Generated by org.testng.reporters.JUnitReportReporter -->
<testsuite hostname="LAPTOP-B0R468S9" failures="0" tests="1" name="com.ebay.testPages.HomePageTest.HomePageNewTest" time="24.119" errors="0" timestamp="2022-07-23T20:28:14 EDT" skipped="0">
  <testcase classname="com.ebay.testPages.HomePageTest.HomePageNewTest" name="verifyCostcoSearchBox" time="24.119"/>
  <system-out/>
</testsuite> <!-- com.ebay.testPages.HomePageTest.HomePageNewTest -->
